<?xml version="1.0" encoding="UTF-8"?>
<robot generator="Robot 7.1.1 (Python 3.10.12 on darwin)" generated="2024-11-28T14:34:30.656319" rpa="false" schemaversion="5">
<suite id="s1" name="Test User Authentication" source="/Users/nikita/Desktop/ST_project2/e2e_tests/tests/test_user_authentication.robot">
<test id="s1-t1" name="User Can Register To The Application" line="10">
<kw name="Open Browser" owner="SeleniumLibrary">
<msg time="2024-11-28T14:34:30.777838" level="INFO">Opening browser 'firefox' to base url 'http://localhost:80/register'.</msg>
<arg>${BASE_URL}/register</arg>
<doc>Opens a new browser instance to the optional ``url``.</doc>
<status status="PASS" start="2024-11-28T14:34:30.777635" elapsed="1.464796"/>
</kw>
<kw name="Input Registration Details">
<kw name="Input Text" owner="SeleniumLibrary">
<msg time="2024-11-28T14:34:32.244212" level="INFO">Typing text 'testuser' into text field 'xpath=/html/body/div/div[2]/div/div/form/fieldset/div[2]/div/input'.</msg>
<arg>${REGISTRATION_USERNAME}</arg>
<arg>testuser</arg>
<doc>Types the given ``text`` into the text field identified by ``locator``.</doc>
<status status="PASS" start="2024-11-28T14:34:32.243723" elapsed="0.059088"/>
</kw>
<kw name="Sleep" owner="BuiltIn">
<msg time="2024-11-28T14:34:35.304663" level="INFO">Slept 3 seconds.</msg>
<arg>3 seconds</arg>
<doc>Pauses the test executed for the given time.</doc>
<status status="PASS" start="2024-11-28T14:34:32.303063" elapsed="3.002927"/>
</kw>
<kw name="Input Text" owner="SeleniumLibrary">
<msg time="2024-11-28T14:34:35.307993" level="INFO">Typing text 'testuser@example.com' into text field 'xpath=/html/body/div/div[2]/div/div/form/fieldset/div[1]/div/input'.</msg>
<arg>${REGISTRATION_EMAIL}</arg>
<arg>testuser@example.com</arg>
<doc>Types the given ``text`` into the text field identified by ``locator``.</doc>
<status status="PASS" start="2024-11-28T14:34:35.306821" elapsed="0.034622"/>
</kw>
<kw name="Sleep" owner="BuiltIn">
<msg time="2024-11-28T14:34:38.344282" level="INFO">Slept 3 seconds.</msg>
<arg>3 seconds</arg>
<doc>Pauses the test executed for the given time.</doc>
<status status="PASS" start="2024-11-28T14:34:35.341792" elapsed="3.003543"/>
</kw>
<kw name="Input Text" owner="SeleniumLibrary">
<msg time="2024-11-28T14:34:38.347011" level="INFO">Typing text 'TestPassword123!' into text field 'xpath=/html/body/div/div[2]/div/div/form/fieldset/div[3]/div/input'.</msg>
<arg>${REGISTRATION_PASSWORD}</arg>
<arg>TestPassword123!</arg>
<doc>Types the given ``text`` into the text field identified by ``locator``.</doc>
<status status="PASS" start="2024-11-28T14:34:38.346040" elapsed="0.027798"/>
</kw>
<kw name="Sleep" owner="BuiltIn">
<msg time="2024-11-28T14:34:41.375825" level="INFO">Slept 3 seconds.</msg>
<arg>3 seconds</arg>
<doc>Pauses the test executed for the given time.</doc>
<status status="PASS" start="2024-11-28T14:34:38.374287" elapsed="3.002701"/>
</kw>
<doc>Fill the registration form with valid user details.</doc>
<status status="PASS" start="2024-11-28T14:34:32.243285" elapsed="9.134308"/>
</kw>
<kw name="Submit Registration Form">
<kw name="Click Button" owner="SeleniumLibrary">
<msg time="2024-11-28T14:34:41.380674" level="INFO">Clicking button 'xpath=/html/body/div/div[2]/div/div/form/button[1]'.</msg>
<arg>${REGISTER_BUTTON}</arg>
<doc>Clicks the button identified by ``locator``.</doc>
<status status="PASS" start="2024-11-28T14:34:41.379716" elapsed="0.243160"/>
</kw>
<doc>Submit the registration form.</doc>
<status status="PASS" start="2024-11-28T14:34:41.378721" elapsed="0.244758"/>
</kw>
<kw name="Close Browser" owner="SeleniumLibrary">
<doc>Closes the current browser.</doc>
<status status="PASS" start="2024-11-28T14:34:41.624506" elapsed="0.393522"/>
</kw>
<doc>Verify that a user can successfully register to the application.</doc>
<tag>smoke</tag>
<status status="PASS" start="2024-11-28T14:34:30.776886" elapsed="11.241435"/>
</test>
<status status="PASS" start="2024-11-28T14:34:30.661673" elapsed="11.357137"/>
</suite>
<statistics>
<total>
<stat pass="1" fail="0" skip="0">All Tests</stat>
</total>
<tag>
<stat pass="1" fail="0" skip="0">smoke</stat>
</tag>
<suite>
<stat pass="1" fail="0" skip="0" id="s1" name="Test User Authentication">Test User Authentication</stat>
</suite>
</statistics>
<errors>
</errors>
</robot>
