<?xml version="1.0" encoding="UTF-8"?>
<robot generator="Robot 7.1.1 (Python 3.10.12 on darwin)" generated="2024-12-10T13:10:29.377917" rpa="false" schemaversion="5">
<suite id="s1" name="Test User Authentication" source="/Users/nikita/sandbox/ST_project/e2e_tests/tests/test_user_authentication.robot">
<test id="s1-t1" name="User Is Able To Comment On Post Made By Themselves" line="115">
<kw name="Open Browser" owner="SeleniumLibrary">
<msg time="2024-12-10T13:10:29.466166" level="INFO">Opening browser 'firefox' to base url 'http://localhost/login'.</msg>
<arg>${BASE_URL}/login</arg>
<doc>Opens a new browser instance to the optional ``url``.</doc>
<status status="PASS" start="2024-12-10T13:10:29.465959" elapsed="1.471120"/>
</kw>
<kw name="Input Login Details" owner="keywords">
<kw name="Input Text" owner="SeleniumLibrary">
<msg time="2024-12-10T13:10:30.938518" level="INFO">Typing text 'testuser@example.com' into text field 'xpath=/html/body/div/div[2]/div/div/form/fieldset/div[1]/div/input'.</msg>
<arg>${LOGIN_EMAIL}</arg>
<arg>testuser@example.com</arg>
<doc>Types the given ``text`` into the text field identified by ``locator``.</doc>
<status status="PASS" start="2024-12-10T13:10:30.938096" elapsed="0.043476"/>
</kw>
<kw name="Input Text" owner="SeleniumLibrary">
<msg time="2024-12-10T13:10:30.982013" level="INFO">Typing text 'TestPassword123!' into text field 'xpath=/html/body/div/div[2]/div/div/form/fieldset/div[2]/div/input'.</msg>
<arg>${LOGIN_PASSWORD}</arg>
<arg>TestPassword123!</arg>
<doc>Types the given ``text`` into the text field identified by ``locator``.</doc>
<status status="PASS" start="2024-12-10T13:10:30.981779" elapsed="0.012142"/>
</kw>
<doc>Fill the login form with valid user details.</doc>
<status status="PASS" start="2024-12-10T13:10:30.937667" elapsed="0.056421"/>
</kw>
<kw name="Submit Login Form" owner="keywords">
<kw name="Click Button" owner="SeleniumLibrary">
<msg time="2024-12-10T13:10:30.994722" level="INFO">Clicking button 'xpath=/html/body/div/div[2]/div/div/form/button[1]'.</msg>
<arg>${LOGIN_BUTTON}</arg>
<doc>Clicks the button identified by ``locator``.</doc>
<status status="PASS" start="2024-12-10T13:10:30.994550" elapsed="0.215523"/>
</kw>
<doc>Submit the login form.</doc>
<status status="PASS" start="2024-12-10T13:10:30.994309" elapsed="0.215970"/>
</kw>
<kw name="Type Text In Post And Choose Public" owner="keywords">
<kw name="Wait Until Element Is Visible" owner="SeleniumLibrary">
<arg>${POST_TEXT}</arg>
<arg>timeout=30s</arg>
<doc>Waits until the element ``locator`` is visible.</doc>
<status status="PASS" start="2024-12-10T13:10:31.211536" elapsed="0.222465"/>
</kw>
<kw name="Input Text" owner="SeleniumLibrary">
<msg time="2024-12-10T13:10:31.434533" level="INFO">Typing text 'This is a public post.' into text field 'xpath=//textarea[@class='jsx-1336507874 textarea']'.</msg>
<arg>${POST_TEXT}</arg>
<arg>This is a public post.</arg>
<doc>Types the given ``text`` into the text field identified by ``locator``.</doc>
<status status="PASS" start="2024-12-10T13:10:31.434256" elapsed="0.030022"/>
</kw>
<kw name="Select From List By Label" owner="SeleniumLibrary">
<msg time="2024-12-10T13:10:31.464729" level="INFO">Selecting options from selection list 'xpath=//select[@name='privacy']' by label public.</msg>
<arg>xpath=//select[@name='privacy']</arg>
<arg>public</arg>
<doc>Selects options from selection list ``locator`` by ``labels``.</doc>
<status status="PASS" start="2024-12-10T13:10:31.464505" elapsed="0.042102"/>
</kw>
<doc>Type text in the post.</doc>
<status status="PASS" start="2024-12-10T13:10:31.210982" elapsed="0.295776"/>
</kw>
<kw name="Press Publish Button" owner="keywords">
<kw name="Click Button" owner="SeleniumLibrary">
<msg time="2024-12-10T13:10:31.507469" level="INFO">Clicking button 'xpath=/html/body/div/div[2]/div[2]/div/div[2]/form/div/button'.</msg>
<arg>${PUBLISH_BUTTON}</arg>
<doc>Clicks the button identified by ``locator``.</doc>
<status status="PASS" start="2024-12-10T13:10:31.507274" elapsed="0.216474"/>
</kw>
<doc>Press the publish button.</doc>
<status status="PASS" start="2024-12-10T13:10:31.507017" elapsed="0.217194"/>
</kw>
<kw name="Wait Until Page Contains" owner="SeleniumLibrary">
<arg>This is a public post.</arg>
<arg>timeout=30s</arg>
<doc>Waits until ``text`` appears on the current page.</doc>
<status status="PASS" start="2024-12-10T13:10:31.724966" elapsed="0.005158"/>
</kw>
<kw name="Input Text" owner="SeleniumLibrary">
<msg time="2024-12-10T13:10:31.731364" level="INFO">Typing text 'This is my own comment.' into text field 'xpath=//input[@class='jsx-2270411553 input ml-2']'.</msg>
<arg>${COMMENT_TEXT}</arg>
<arg>This is my own comment.</arg>
<doc>Types the given ``text`` into the text field identified by ``locator``.</doc>
<status status="PASS" start="2024-12-10T13:10:31.730787" elapsed="0.045782"/>
</kw>
<kw name="Press Keys" owner="SeleniumLibrary">
<msg time="2024-12-10T13:10:31.777374" level="INFO">Sending key(s) ('ENTER',) to xpath=//input[@class='jsx-2270411553 input ml-2'] element.</msg>
<msg time="2024-12-10T13:10:32.042712" level="INFO">Pressing special key ENTER to element.</msg>
<msg time="2024-12-10T13:10:32.043087" level="INFO">Releasing special key ENTER.</msg>
<arg>${COMMENT_TEXT}</arg>
<arg>ENTER</arg>
<doc>Simulates the user pressing key(s) to an element or on the active browser.</doc>
<status status="PASS" start="2024-12-10T13:10:31.776902" elapsed="0.278394"/>
</kw>
<kw name="Wait Until Page Contains" owner="SeleniumLibrary">
<arg>This is my own comment.</arg>
<arg>timeout=30s</arg>
<doc>Waits until ``text`` appears on the current page.</doc>
<status status="PASS" start="2024-12-10T13:10:32.055931" elapsed="0.212622"/>
</kw>
<kw name="Close Browser" owner="SeleniumLibrary">
<doc>Closes the current browser.</doc>
<status status="PASS" start="2024-12-10T13:10:32.269455" elapsed="0.565642"/>
</kw>
<doc>Verify that a user can comment on a post made by themselves.</doc>
<tag>smoke</tag>
<status status="PASS" start="2024-12-10T13:10:29.465197" elapsed="3.370252"/>
</test>
<status status="PASS" start="2024-12-10T13:10:29.379642" elapsed="3.456265"/>
</suite>
<statistics>
<total>
<stat pass="1" fail="0" skip="0">All Tests</stat>
</total>
<tag>
<stat pass="1" fail="0" skip="0">smoke</stat>
</tag>
<suite>
<stat pass="1" fail="0" skip="0" id="s1" name="Test User Authentication">Test User Authentication</stat>
</suite>
</statistics>
<errors>
</errors>
</robot>
