<?xml version="1.0" encoding="UTF-8"?>
<robot generator="Robot 7.1.1 (Python 3.10.12 on darwin)" generated="2024-11-28T15:46:49.373197" rpa="false" schemaversion="5">
<suite id="s1" name="Test User Authentication" source="/Users/nikita/Desktop/ST_project2/e2e_tests/tests/test_user_authentication.robot">
<test id="s1-t1" name="User Can Create Private Post" line="56">
<kw name="Open Browser" owner="SeleniumLibrary">
<msg time="2024-11-28T15:46:49.485226" level="INFO">Opening browser 'firefox' to base url 'http://localhost:80/login'.</msg>
<arg>${BASE_URL}/login</arg>
<doc>Opens a new browser instance to the optional ``url``.</doc>
<status status="PASS" start="2024-11-28T15:46:49.485016" elapsed="2.154738"/>
</kw>
<kw name="Input Login Details">
<kw name="Sleep" owner="BuiltIn">
<msg time="2024-11-28T15:46:54.641669" level="INFO">Slept 3 seconds.</msg>
<arg>3 seconds</arg>
<doc>Pauses the test executed for the given time.</doc>
<status status="PASS" start="2024-11-28T15:46:51.641214" elapsed="3.000769"/>
</kw>
<kw name="Input Text" owner="SeleniumLibrary">
<msg time="2024-11-28T15:46:54.642580" level="INFO">Typing text 'testuser@example.com' into text field 'xpath=/html/body/div/div[2]/div/div/form/fieldset/div[1]/div/input'.</msg>
<arg>${LOGIN_EMAIL}</arg>
<arg>testuser@example.com</arg>
<doc>Types the given ``text`` into the text field identified by ``locator``.</doc>
<status status="PASS" start="2024-11-28T15:46:54.642183" elapsed="0.033302"/>
</kw>
<kw name="Sleep" owner="BuiltIn">
<msg time="2024-11-28T15:46:57.676336" level="INFO">Slept 3 seconds.</msg>
<arg>3 seconds</arg>
<doc>Pauses the test executed for the given time.</doc>
<status status="PASS" start="2024-11-28T15:46:54.675707" elapsed="3.002118"/>
</kw>
<kw name="Input Text" owner="SeleniumLibrary">
<msg time="2024-11-28T15:46:57.680318" level="INFO">Typing text 'TestPassword123!' into text field 'xpath=/html/body/div/div[2]/div/div/form/fieldset/div[2]/div/input'.</msg>
<arg>${LOGIN_PASSWORD}</arg>
<arg>TestPassword123!</arg>
<doc>Types the given ``text`` into the text field identified by ``locator``.</doc>
<status status="PASS" start="2024-11-28T15:46:57.678868" elapsed="0.029003"/>
</kw>
<kw name="Sleep" owner="BuiltIn">
<msg time="2024-11-28T15:47:00.708999" level="INFO">Slept 3 seconds.</msg>
<arg>3 seconds</arg>
<doc>Pauses the test executed for the given time.</doc>
<status status="PASS" start="2024-11-28T15:46:57.708271" elapsed="3.002081"/>
</kw>
<doc>Fill the login form with valid user details.</doc>
<status status="PASS" start="2024-11-28T15:46:51.640699" elapsed="9.070506"/>
</kw>
<kw name="Submit Login Form">
<kw name="Click Button" owner="SeleniumLibrary">
<msg time="2024-11-28T15:47:00.715278" level="INFO">Clicking button 'xpath=/html/body/div/div[2]/div/div/form/button[1]'.</msg>
<arg>${LOGIN_BUTTON}</arg>
<doc>Clicks the button identified by ``locator``.</doc>
<status status="PASS" start="2024-11-28T15:47:00.714288" elapsed="0.247949"/>
</kw>
<doc>Submit the login form.</doc>
<status status="PASS" start="2024-11-28T15:47:00.712745" elapsed="0.250120"/>
</kw>
<kw name="Wait Until Page Contains" owner="SeleniumLibrary">
<arg>Publish</arg>
<arg>timeout=30s</arg>
<doc>Waits until ``text`` appears on the current page.</doc>
<status status="PASS" start="2024-11-28T15:47:00.963654" elapsed="0.420020"/>
</kw>
<kw name="Type Text In Post And Choose Private">
<kw name="Input Text" owner="SeleniumLibrary">
<msg time="2024-11-28T15:47:01.384859" level="INFO">Typing text 'This is a private post.' into text field 'xpath=/html/body/div/div[2]/div[2]/div/div[2]/form/fieldset/div/div/textarea'.</msg>
<arg>${POST_TEXT}</arg>
<arg>This is a private post.</arg>
<doc>Types the given ``text`` into the text field identified by ``locator``.</doc>
<status status="PASS" start="2024-11-28T15:47:01.384546" elapsed="0.016638"/>
</kw>
<kw name="Select From List By Label" owner="SeleniumLibrary">
<msg time="2024-11-28T15:47:01.401771" level="INFO">Selecting options from selection list 'xpath=//select[@name='privacy']' by label friends.</msg>
<arg>xpath=//select[@name='privacy']</arg>
<arg>friends</arg>
<doc>Selects options from selection list ``locator`` by ``labels``.</doc>
<status status="PASS" start="2024-11-28T15:47:01.401468" elapsed="0.258624"/>
</kw>
<kw name="Sleep" owner="BuiltIn">
<msg time="2024-11-28T15:47:04.662836" level="INFO">Slept 3 seconds.</msg>
<arg>3 seconds</arg>
<doc>Pauses the test executed for the given time.</doc>
<status status="PASS" start="2024-11-28T15:47:01.661119" elapsed="3.002649"/>
</kw>
<doc>Type text in the post.</doc>
<status status="PASS" start="2024-11-28T15:47:01.384163" elapsed="3.280011"/>
</kw>
<kw name="Sleep" owner="BuiltIn">
<msg time="2024-11-28T15:47:07.665922" level="INFO">Slept 3 seconds.</msg>
<arg>3 seconds</arg>
<doc>Pauses the test executed for the given time.</doc>
<status status="PASS" start="2024-11-28T15:47:04.664807" elapsed="3.002228"/>
</kw>
<kw name="Press Publish Button">
<kw name="Click Button" owner="SeleniumLibrary">
<msg time="2024-11-28T15:47:07.670836" level="INFO">Clicking button 'xpath=/html/body/div