<?xml version="1.0" encoding="UTF-8"?>
<robot generator="Robot 7.1.1 (Python 3.10.12 on darwin)" generated="2024-12-05T16:49:04.635397" rpa="false" schemaversion="5">
<suite id="s1" name="Test User Authentication" source="/Users/nikita/Desktop/ST_project2/e2e_tests/tests/test_user_authentication.robot">
<test id="s1-t1" name="User Is Able To See Post Made By Another User" line="82">
<kw name="Open Browser" owner="SeleniumLibrary">
<msg time="2024-12-05T16:49:04.750210" level="INFO">Opening browser 'firefox' to base url 'http://localhost/login'.</msg>
<arg>${BASE_URL}/login</arg>
<doc>Opens a new browser instance to the optional ``url``.</doc>
<status status="PASS" start="2024-12-05T16:49:04.749981" elapsed="2.177796"/>
</kw>
<kw name="Input Login Details">
<kw name="Sleep" owner="BuiltIn">
<msg time="2024-12-05T16:49:09.931984" level="INFO">Slept 3 seconds.</msg>
<arg>3 seconds</arg>
<doc>Pauses the test executed for the given time.</doc>
<status status="PASS" start="2024-12-05T16:49:06.931029" elapsed="3.001553"/>
</kw>
<kw name="Input Text" owner="SeleniumLibrary">
<msg time="2024-12-05T16:49:09.934142" level="INFO">Typing text 'testuser@example.com' into text field 'xpath=/html/body/div/div[2]/div/div/form/fieldset/div[1]/div/input'.</msg>
<arg>${LOGIN_EMAIL}</arg>
<arg>testuser@example.com</arg>
<doc>Types the given ``text`` into the text field identified by ``locator``.</doc>
<status status="PASS" start="2024-12-05T16:49:09.933006" elapsed="0.059749"/>
</kw>
<kw name="Sleep" owner="BuiltIn">
<msg time="2024-12-05T16:49:12.994624" level="INFO">Slept 3 seconds.</msg>
<arg>3 seconds</arg>
<doc>Pauses the test executed for the given time.</doc>
<status status="PASS" start="2024-12-05T16:49:09.993026" elapsed="3.002243"/>
</kw>
<kw name="Input Text" owner="SeleniumLibrary">
<msg time="2024-12-05T16:49:12.996624" level="INFO">Typing text 'TestPassword123!' into text field 'xpath=/html/body/div/div[2]/div/div/form/fieldset/div[2]/div/input'.</msg>
<arg>${LOGIN_PASSWORD}</arg>
<arg>TestPassword123!</arg>
<doc>Types the given ``text`` into the text field identified by ``locator``.</doc>
<status status="PASS" start="2024-12-05T16:49:12.995820" elapsed="0.027655"/>
</kw>
<kw name="Sleep" owner="BuiltIn">
<msg time="2024-12-05T16:49:16.026052" level="INFO">Slept 3 seconds.</msg>
<arg>3 seconds</arg>
<doc>Pauses the test executed for the given time.</doc>
<status status="PASS" start="2024-12-05T16:49:13.023884" elapsed="3.003133"/>
</kw>
<doc>Fill the login form with valid user details.</doc>
<status status="PASS" start="2024-12-05T16:49:06.930370" elapsed="9.097551"/>
</kw>
<kw name="Submit Login Form">
<kw name="Click Button" owner="SeleniumLibrary">
<msg time="2024-12-05T16:49:16.030981" level="INFO">Clicking button 'xpath=/html/body/div/div[2]/div/div/form/button[1]'.</msg>
<arg>${LOGIN_BUTTON}</arg>
<doc>Clicks the button identified by ``locator``.</doc>
<status status="PASS" start="2024-12-05T16:49:16.029949" elapsed="0.246246"/>
</kw>
<doc>Submit the login form.</doc>
<status status="PASS" start="2024-12-05T16:49:16.028933" elapsed="0.247980"/>
</kw>
<kw name="Wait Until Page Contains" owner="SeleniumLibrary">
<arg>Log out</arg>
<arg>timeout=30s</arg>
<doc>Waits until ``text`` appears on the current page.</doc>
<status status="PASS" start="2024-12-05T16:49:16.278118" elapsed="0.212386"/>
</kw>
<kw name="Type Text In Post And Choose Public">
<kw name="Sleep" owner="BuiltIn">
<msg time="2024-12-05T16:49:19.492920" level="INFO">Slept 3 seconds.</msg>
<arg>3 seconds</arg>
<doc>Pauses the test executed for the given time.</doc>
<status status="PASS" start="2024-12-05T16:49:16.491202" elapsed="3.002231"/>
</kw>
<kw name="Input Text" owner="SeleniumLibrary">
<msg time="2024-12-05T16:49:19.494643" level="INFO">Typing text 'This is a public post.' into text field 'xpath=/html/body/div/div[2]/div[2]/div[1]/div[2]/form/fieldset/div/div/textarea'.</msg>
<arg>${POST_TEXT}</arg>
<arg>This is a public post.</arg>
<doc>Types the given ``text`` into the text field identified by ``locator``.</doc>
<status status="PASS" start="2024-12-05T16:49:19.493918" elapsed="0.027743"/>
</kw>
<kw name="Select From List By Label" owner="SeleniumLibrary">
<msg time="2024-12-05T16:49:19.522445" level="INFO">Selecting options from selection list 'xpath=//select[@name='privacy']' by label public.</msg>
<arg>xpath=//select[@name='privacy']</arg>
<arg>public</arg>
<doc>Selects options from selection list ``locator`` by ``labels``.</doc>
<status status="PASS" start="2024-12-05T16:49:19.522027" elapsed="0.058968"/>
</kw>
<kw name="Sleep" owner="BuiltIn">
<msg time="2024-12-05T16:49:22.583013" level="INFO">Slept 3 seconds.</msg>
<arg>3 seconds</arg>
<doc>Pauses the test executed for the given time.</doc>
<status status="PASS" start="2024-12-05T16:49:19.581193" elapsed="3.002305"/>
</kw>
<doc>Type text in the post.</doc>
<status status="PASS" start="2024-12-05T16:49:16.490939" elapsed="6.092859"/>
</kw>
<kw name="Sleep" owner="BuiltIn">
<msg time="2024-12-05T16:49:25.585459" level="INFO">Slept 3 seconds.</msg>
<arg>3 seconds</arg>
<doc>Pauses the test executed for the given time.</doc>
<status status="PASS" start="2024-12-05T16:49:22.584490" elapsed="3.001969"/>
</kw>
<kw name="Press Publish Button">
<kw name="Click Button" owner="SeleniumLibrary">
<msg time="2024-12-05T16:49:25.589544" level="INFO">Clicking button 'xpath=/html/body/div/div[2]/div[2]/div/div[2]/form/div/button'.</msg>
<arg>${PUBLISH_BUTTON}</arg>
<doc>Clicks the button identified by ``locator``.</doc>
<status status="PASS" start="2024-12-05T16:49:25.588861" elapsed="0.233546"/>
</kw>
<doc>Press the publish button.</doc>
<status status="PASS" start="2024-12-05T16:49:25.587837" elapsed="0.235531"/>
</kw>
<kw name="Sleep" owner="BuiltIn">
<msg time="2024-12-05T16:49:28.826932" level="INFO">Slept 3 seconds.</msg>
<arg>3 seconds</arg>
<doc>Pauses the test executed for the given time.</doc>
<status status="PASS" start="2024-12-05T16:49:25.824281" elapsed="3.003972"/>
</kw>
<kw name="Wait Until Page Contains" owner="SeleniumLibrary">
<arg>This is a public post.</arg>
<arg>timeout=30s</arg>
<doc>Waits until ``text`` appears on the current page.</doc>
<status status="PASS" start="2024-12-05T16:49:28.829919" elapsed="0.009820"/>
</kw>
<kw name="Press Logout Button">
<kw name="Click Button" owner="SeleniumLibrary">
<msg time="2024-12-05T16:49:28.841784" level="INFO">Clicking button 'xpath=/html/body/div/div[1]/div[2]/div/button[3]'.</msg>
<arg>${LOGOUT_BUTTON}</arg>
<doc>Clicks the button identified by ``locator``.</doc>
<status status="PASS" start="2024-12-05T16:49:28.841285" elapsed="0.096214"/>
</kw>
<doc>Press the logout button.</doc>
<status status="PASS" start="2024-12-05T16:49:28.840604" elapsed="0.097075"/>
</kw>
<kw name="Go To" owner="SeleniumLibrary">
<msg time="2024-12-05T16:49:28.938253" level="INFO">Opening url 'http://localhost/register'</msg>
<arg>${BASE_URL}/register</arg>
<doc>Navigates the current browser window to the provided ``url``.</doc>
<status status="PASS" start="2024-12-05T16:49:28.937962" elapsed="0.063811"/>
</kw>
<kw name="Input Registration Details For Another User">
<kw name="Input Text" owner="Se