<?xml version="1.0" encoding="UTF-8"?>
<robot generator="Robot 7.1.1 (Python 3.10.12 on darwin)" generated="2024-12-11T11:34:03.854846" rpa="false" schemaversion="5">
<suite id="s1" name="Test User Authentication" source="/Users/nikita/sandbox/ST_project/e2e_tests/tests/test_user_authentication.robot">
<test id="s1-t1" name="User Cannot Register With Short Username" line="17">
<kw name="Open Browser" owner="SeleniumLibrary">
<msg time="2024-12-11T11:34:03.966666" level="INFO">Opening browser 'firefox' to base url 'http://localhost/register'.</msg>
<arg>${BASE_URL}/register</arg>
<doc>Opens a new browser instance to the optional ``url``.</doc>
<status status="PASS" start="2024-12-11T11:34:03.966468" elapsed="2.063867"/>
</kw>
<kw name="Input Invalid Registration Details" owner="keywords">
<kw name="Input Text" owner="SeleniumLibrary">
<msg time="2024-12-11T11:34:06.032927" level="INFO">Typing text 't' into text field 'xpath=/html/body/div/div[2]/div/div/form/fieldset/div[2]/div/input'.</msg>
<arg>${REGISTRATION_USERNAME}</arg>
<arg>t</arg>
<doc>Types the given ``text`` into the text field identified by ``locator``.</doc>
<status status="PASS" start="2024-12-11T11:34:06.032350" elapsed="0.066707"/>
</kw>
<kw name="Input Text" owner="SeleniumLibrary">
<msg time="2024-12-11T11:34:06.099534" level="INFO">Typing text 'testuser@example.com' into text field 'xpath=/html/body/div/div[2]/div/div/form/fieldset/div[1]/div/input'.</msg>
<arg>${REGISTRATION_EMAIL}</arg>
<arg>testuser@example.com</arg>
<doc>Types the given ``text`` into the text field identified by ``locator``.</doc>
<status status="PASS" start="2024-12-11T11:34:06.099284" elapsed="0.033234"/>
</kw>
<kw name="Input Text" owner="SeleniumLibrary">
<msg time="2024-12-11T11:34:06.132996" level="INFO">Typing text 'TestPassword123!' into text field 'xpath=/html/body/div/div[2]/div/div/form/fieldset/div[3]/div/input'.</msg>
<arg>${REGISTRATION_PASSWORD}</arg>
<arg>TestPassword123!</arg>
<doc>Types the given ``text`` into the text field identified by ``locator``.</doc>
<status status="PASS" start="2024-12-11T11:34:06.132747" elapsed="0.024214"/>
</kw>
<doc>Fill the registration form with invalid user details.</doc>
<status status="PASS" start="2024-12-11T11:34:06.031816" elapsed="0.125317"/>
</kw>
<kw name="Submit Registration Form" owner="keywords">
<kw name="Click Button" owner="SeleniumLibrary">
<msg time="2024-12-11T11:34:06.157865" level="INFO">Clicking button 'xpath=/html/body/div/div[2]/div/div/form/button[1]'.</msg>
<arg>${REGISTER_BUTTON}</arg>
<doc>Clicks the button identified by ``locator``.</doc>
<status status="PASS" start="2024-12-11T11:34:06.157626" elapsed="0.735336"/>
</kw>
<doc>Submit the registration form.</doc>
<status status="PASS" start="2024-12-11T11:34:06.157338" elapsed="0.735820"/>
</kw>
<kw name="Wait Until Page Contains" owner="SeleniumLibrary">
<arg>username must be at least 2 characters</arg>
<arg>timeout=10s</arg>
<doc>Waits until ``text`` appears on the current page.</doc>
<status status="PASS" start="2024-12-11T11:34:06.893432" elapsed="0.002757"/>
</kw>
<kw name="Close Browser" owner="SeleniumLibrary">
<doc>Closes the current browser.</doc>
<status status="PASS" start="2024-12-11T11:34:06.896468" elapsed="0.558760"/>
</kw>
<doc>Verify that a user cannot register with a username less than 2 characters.</doc>
<tag>negative</tag>
<status status="PASS" start="2024-12-11T11:34:03.965710" elapsed="3.489791"/>
</test>
<status status="PASS" start="2024-12-11T11:34:03.856819" elapsed="3.599105"/>
</suite>
<statistics>
<total>
<stat pass="1" fail="0" skip="0">All Tests</stat>
</total>
<tag>
<stat pass="1" fail="0" skip="0">negative</stat>
</tag>
<suite>
<stat pass="1" fail="0" skip="0" id="s1" name="Test User Authentication">Test User Authentication</stat>
</suite>
</statistics>
<errors>
</errors>
</robot>
